==============================================================================
Suites                                                                        
==============================================================================
Suites.LoginCrmTestcase                                                       
==============================================================================
TC_01 Verify that login with valid credentials                        | PASS |
------------------------------------------------------------------------------
TC_02 Verify that login with invalid crendentials                     | PASS |
------------------------------------------------------------------------------
TC_03 Verify that login with valid username and invalid password      | PASS |
------------------------------------------------------------------------------
TC_04 Verify that login with valid user name and empty password       | PASS |
------------------------------------------------------------------------------
TC_05 Verify that login with empty user name and empty password       | PASS |
------------------------------------------------------------------------------
Suites.LoginCrmTestcase                                               | PASS |
5 tests, 5 passed, 0 failed
==============================================================================
Suites                                                                | PASS |
5 tests, 5 passed, 0 failed
==============================================================================
Output:  C:\Users\RajT.INTERRAIT\PycharmProjects\RobotAutomation\Results\pabot_results\0\output.xml
